<?xml version="1.0" encoding="UTF-8"?>
<!-- Generated by org.testng.reporters.JUnitReportReporter -->
<testsuite hostname="CPDOLL" failures="0" tests="1" name="com.dsalearn.dsapractice.Vowels" time="0.014" errors="0" timestamp="2023-02-02T16:46:00 IST" skipped="0">
  <testcase classname="com.dsalearn.dsapractice.Vowels" name="example" time="0.014"/>
  <system-out/>
</testsuite> <!-- com.dsalearn.dsapractice.Vowels -->
