<?xml version="1.0" encoding="UTF-8"?>
<!-- Generated by org.testng.reporters.JUnitReportReporter -->
<testsuite hostname="CPDOLL" failures="0" tests="1" name="week1.SquareSorted" time="0.014" errors="0" timestamp="2023-02-20T23:25:24 IST" skipped="0">
  <testcase classname="week1.SquareSorted" name="eg1" time="0.014"/>
  <system-out/>
</testsuite> <!-- week1.SquareSorted -->
