<?xml version="1.0" encoding="UTF-8"?>
<!-- Generated by org.testng.reporters.JUnitReportReporter -->
<testsuite hostname="CPDOLL" failures="0" tests="3" name="array.problem.bruteforce.PlantFlowers" time="0.009" errors="0" timestamp="2023-02-22T01:55:04 IST" skipped="0">
  <testcase classname="array.problem.bruteforce.PlantFlowers" name="example3" time="0.001"/>
  <system-out/>
  <testcase classname="array.problem.bruteforce.PlantFlowers" name="example1" time="0.007"/>
  <system-out/>
  <testcase classname="array.problem.bruteforce.PlantFlowers" name="example2" time="0.001"/>
  <system-out/>
</testsuite> <!-- array.problem.bruteforce.PlantFlowers -->
