<?xml version="1.0" encoding="UTF-8"?>
<!-- Generated by org.testng.reporters.JUnitReportReporter -->
<testsuite hostname="CPDOLL" failures="0" tests="1" name="week1.HashTechnique" time="0.009" errors="0" timestamp="2023-02-05T23:12:20 IST" skipped="0">
  <testcase classname="week1.HashTechnique" name="eg1" time="0.009"/>
  <system-out/>
</testsuite> <!-- week1.HashTechnique -->
