<?xml version="1.0" encoding="UTF-8"?>
<!-- Generated by org.testng.reporters.JUnitReportReporter -->
<testsuite hostname="CPDOLL" failures="0" tests="1" name="week1.FindSubarray" time="0.009" errors="0" timestamp="2023-02-05T23:07:43 IST" skipped="0">
  <testcase classname="week1.FindSubarray" name="eg3" time="0.009"/>
  <system-out/>
</testsuite> <!-- week1.FindSubarray -->
