<?xml version="1.0" encoding="UTF-8"?>
<!-- Generated by org.testng.reporters.JUnitReportReporter -->
<testsuite hostname="CPDOLL" failures="0" tests="3" name="week1.MoveToZeros" time="0.012" errors="0" timestamp="2023-02-21T23:52:56 IST" skipped="0">
  <testcase classname="week1.MoveToZeros" name="eg2" time="0.001"/>
  <system-out/>
  <testcase classname="week1.MoveToZeros" name="eg3" time="0.001"/>
  <system-out/>
  <testcase classname="week1.MoveToZeros" name="eg1" time="0.010"/>
  <system-out/>
</testsuite> <!-- week1.MoveToZeros -->
